Arguments: 
  /Users/Shared/CLOUD/Development.GitHub/Repositories.FromGithub/repositories/r14r/ReactNative_Working-with_ReactNative/.env.d/node/v14.10.0/bin/node /Users/Shared/CLOUD/Development.GitHub/Repositories.FromGithub/repositories/r14r/ReactNative_Working-with_ReactNative/.env.d/node/v14.10.0/bin/yarn add expo

PATH: 
  /Users/Shared/CLOUD/Development.GitHub/Repositories.FromGithub/repositories/r14r/ReactNative_Working-with_ReactNative/.env.d/node/v14.10.0/bin:/Users/Shared/CLOUD/Development.GitHub/Repositories.FromGithub/repositories/r14r/ReactNative_Working-with_ReactNative/.env.d/bin:/Users/RalphG/.local/bin:/Users/RalphG/.cargo/bin:/Users/RalphG/bin:/opt/local/bin:/usr/local/bin:/usr/bin:/bin:/usr/sbin:/sbin:/opt/X11/bin

Yarn version: 
  1.22.5

Node version: 
  14.10.0

Platform: 
  darwin x64

Trace: 
  Error: https://github.com/expo/react-native/archive/sdk-39.0.2.tar.gz: ESOCKETTIMEDOUT
      at ClientRequest.<anonymous> (/Users/Shared/CLOUD/Development.GitHub/Repositories.FromGithub/repositories/r14r/ReactNative_Working-with_ReactNative/.env.d/node/v14.10.0/lib/node_modules/yarn/lib/cli.js:141289:19)
      at Object.onceWrapper (events.js:420:28)
      at ClientRequest.emit (events.js:314:20)
      at TLSSocket.emitRequestTimeout (_http_client.js:769:9)
      at Object.onceWrapper (events.js:420:28)
      at TLSSocket.emit (events.js:326:22)
      at TLSSocket.Socket._onTimeout (net.js:482:8)
      at listOnTimeout (internal/timers.js:554:17)
      at processTimers (internal/timers.js:497:7)

npm manifest: 
  {
    "main": "node_modules/expo/AppEntry.js",
    "scripts": {
      "start": "expo start",
      "android": "expo start --android",
      "ios": "expo start --ios",
      "web": "expo start --web",
      "eject": "expo eject",
      "test": "jest --watchAll"
    },
    "jest": {
      "preset": "jest-expo"
    },
    "dependencies": {
      "@expo/vector-icons": "^10.0.0",
      "@react-native-community/masked-view": "0.1.10",
      "@react-navigation/bottom-tabs": "^5.8.0",
      "@react-navigation/native": "^5.7.3",
      "@react-navigation/stack": "^5.9.0",
      "expo": "~39.0.2",
      "expo-asset": "~8.2.0",
      "expo-constants": "~9.2.0",
      "expo-font": "~8.3.0",
      "expo-linking": "^1.0.1",
      "expo-splash-screen": "~0.6.1",
      "expo-status-bar": "~1.0.2",
      "expo-web-browser": "~8.5.0",
      "react": "16.13.1",
      "react-dom": "16.13.1",
      "react-native": "https://github.com/expo/react-native/archive/sdk-39.0.2.tar.gz",
      "react-native-gesture-handler": "~1.7.0",
      "react-native-safe-area-context": "3.1.4",
      "react-native-screens": "~2.10.1",
      "react-native-web": "~0.13.12"
    },
    "devDependencies": {
      "@babel/core": "~7.9.0",
      "@types/react": "~16.9.35",
      "@types/react-native": "~0.63.2",
      "jest-expo": "~39.0.0",
      "typescript": "~3.9.5"
    },
    "private": true
  }

yarn manifest: 
  No manifest

Lockfile: 
  No lockfile
